<?xml version="1.0" encoding="UTF-8"?>
<!-- Generated by org.testng.reporters.JUnitReportReporter -->
<testsuite name="tests.Lambda_Test_01" tests="1" time="39.235" ignored="0" failures="0" timestamp="29 May 2020 13:41:23 GMT" skipped="0" hostname="HP-Laptop" errors="0">
  <testcase name="lambda_Test_01" time="39.235" classname="tests.Lambda_Test_01"/>
</testsuite> <!-- tests.Lambda_Test_01 -->
