<?xml version="1.0" encoding="UTF-8"?>
<!-- Generated by org.testng.reporters.JUnitReportReporter -->
<testsuite name="tests.Bookie_Selector_Test" tests="1" time="12.065" ignored="4" failures="0" timestamp="29 May 2020 13:44:31 GMT" skipped="0" hostname="HP-Laptop" errors="0">
  <testcase name="bookieSelectorTest" time="12.065" classname="tests.Bookie_Selector_Test"/>
  <testcase name="tearDown" classname="baseClass.BaseTest">
    <skipped/>
  </testcase> <!-- tearDown -->
  <testcase name="tearDown" classname="baseClass.BaseTest">
    <skipped/>
  </testcase> <!-- tearDown -->
  <testcase name="setUp" classname="baseClass.BaseTest">
    <skipped/>
  </testcase> <!-- setUp -->
  <testcase name="setUp" classname="baseClass.BaseTest">
    <skipped/>
  </testcase> <!-- setUp -->
</testsuite> <!-- tests.Bookie_Selector_Test -->
